<?xml version="1.0" encoding="UTF-8" ?>
<testsuite errors="0" failures="0" hostname="satellite-z30-a" name="sesamestreet.MuppetDiscoveryControllerTests" tests="2" time="1.586" timestamp="2015-04-08T22:28:55">
  <properties />
  <testcase classname="sesamestreet.MuppetDiscoveryControllerTests" name="testNotFoundPerfectMuppet" time="1.549" />
  <testcase classname="sesamestreet.MuppetDiscoveryControllerTests" name="testFoundPerfectMuppet" time="0.034" />
  <system-out><![CDATA[--Output from testNotFoundPerfectMuppet--
Hibernate: insert into muppet (id, version, about, color, gender, has_fur, name, picture) values (null, ?, ?, ?, ?, ?, ?, ?)
Hibernate: select this_.id as id1_0_0_, this_.version as version2_0_0_, this_.about as about3_0_0_, this_.color as color4_0_0_, this_.gender as gender5_0_0_, this_.has_fur as has_fur6_0_0_, this_.name as name7_0_0_, this_.picture as picture8_0_0_ from muppet this_ where (lower(this_.color)=? and this_.has_fur=?) limit ?
Hibernate: select this_.id as id1_0_0_, this_.version as version2_0_0_, this_.about as about3_0_0_, this_.color as color4_0_0_, this_.gender as gender5_0_0_, this_.has_fur as has_fur6_0_0_, this_.name as name7_0_0_, this_.picture as picture8_0_0_ from muppet this_ where (this_.color like ? or this_.has_fur=?)
--Output from testFoundPerfectMuppet--
Hibernate: insert into muppet (id, version, about, color, gender, has_fur, name, picture) values (null, ?, ?, ?, ?, ?, ?, ?)
Hibernate: select this_.id as id1_0_0_, this_.version as version2_0_0_, this_.about as about3_0_0_, this_.color as color4_0_0_, this_.gender as gender5_0_0_, this_.has_fur as has_fur6_0_0_, this_.name as name7_0_0_, this_.picture as picture8_0_0_ from muppet this_ where (lower(this_.color)=? and this_.has_fur=?) limit ?
]]></system-out>
  <system-err><![CDATA[--Output from testNotFoundPerfectMuppet--
--Output from testFoundPerfectMuppet--
]]></system-err>
</testsuite>
