<?xml version="1.0" encoding="UTF-8" ?>
<testsuite errors="0" failures="0" hostname="satellite-z30-a" name="sesamestreet.MuppetUnitTests" tests="1" time="0.273" timestamp="2015-04-08T22:28:43">
  <properties />
  <testcase classname="sesamestreet.MuppetUnitTests" name="testSomeCharacters" time="0.249" />
  <system-out><![CDATA[--Output from testSomeCharacters--
]]></system-out>
  <system-err><![CDATA[--Output from testSomeCharacters--
]]></system-err>
</testsuite>
