<?xml version="1.0" encoding="UTF-8" ?>
<testsuite errors="0" failures="0" hostname="satellite-z30-a" name="sesamestreet.MuppetDiscoveryControllerUnitTests" tests="2" time="2.129" timestamp="2015-04-08T22:28:43">
  <properties />
  <testcase classname="sesamestreet.MuppetDiscoveryControllerUnitTests" name="testNotFoundPerfectMuppet" time="2.001" />
  <testcase classname="sesamestreet.MuppetDiscoveryControllerUnitTests" name="testFoundPerfectMuppet" time="0.069" />
  <system-out><![CDATA[--Output from testNotFoundPerfectMuppet--
--Output from testFoundPerfectMuppet--
]]></system-out>
  <system-err><![CDATA[--Output from testNotFoundPerfectMuppet--
--Output from testFoundPerfectMuppet--
]]></system-err>
</testsuite>
